<?xml version="1.0" encoding="UTF-8"?>
<testsuite xmlns:xsi="http://www.w3.org/2001/XMLSchema-instance" xsi:noNamespaceSchemaLocation="https://maven.apache.org/surefire/maven-surefire-plugin/xsd/surefire-test-report-3.0.xsd" version="3.0" name="com.fssa.zanarts.dao.TestProductDao" time="4.859" tests="7" errors="0" skipped="0" failures="0">
  <properties>
    <property name="java.specification.version" value="17"/>
    <property name="sun.cpu.isalist" value="amd64"/>
    <property name="sun.jnu.encoding" value="Cp1252"/>
    <property name="java.class.path" value="C:\Users\SanthanamMariappan\Desktop\sec_c_sec_c_santhanam.mariappan__corejava_project_2\target\test-classes;C:\Users\SanthanamMariappan\Desktop\sec_c_sec_c_santhanam.mariappan__corejava_project_2\target\classes;C:\Users\SanthanamMariappan\.m2\repository\com\mysql\mysql-connector-j\8.0.33\mysql-connector-j-8.0.33.jar;C:\Users\SanthanamMariappan\.m2\repository\com\google\protobuf\protobuf-java\3.21.9\protobuf-java-3.21.9.jar;C:\Users\SanthanamMariappan\.m2\repository\org\junit\jupiter\junit-jupiter\5.9.1\junit-jupiter-5.9.1.jar;C:\Users\SanthanamMariappan\.m2\repository\org\junit\jupiter\junit-jupiter-api\5.9.1\junit-jupiter-api-5.9.1.jar;C:\Users\SanthanamMariappan\.m2\repository\org\opentest4j\opentest4j\1.2.0\opentest4j-1.2.0.jar;C:\Users\SanthanamMariappan\.m2\repository\org\junit\platform\junit-platform-commons\1.9.1\junit-platform-commons-1.9.1.jar;C:\Users\SanthanamMariappan\.m2\repository\org\apiguardian\apiguardian-api\1.1.2\apiguardian-api-1.1.2.jar;C:\Users\SanthanamMariappan\.m2\repository\org\junit\jupiter\junit-jupiter-params\5.9.1\junit-jupiter-params-5.9.1.jar;C:\Users\SanthanamMariappan\.m2\repository\org\junit\jupiter\junit-jupiter-engine\5.9.1\junit-jupiter-engine-5.9.1.jar;C:\Users\SanthanamMariappan\.m2\repository\org\junit\platform\junit-platform-engine\1.9.1\junit-platform-engine-1.9.1.jar;"/>
    <property name="java.vm.vendor" value="Eclipse Adoptium"/>
    <property name="sun.arch.data.model" value="64"/>
    <property name="user.variant" value=""/>
    <property name="java.vendor.url" value="https://adoptium.net/"/>
    <property name="user.timezone" value="Asia/Calcutta"/>
    <property name="os.name" value="Windows 11"/>
    <property name="java.vm.specification.version" value="17"/>
    <property name="sun.java.launcher" value="SUN_STANDARD"/>
    <property name="user.country" value="IN"/>
    <property name="sun.boot.library.path" value="C:\Users\SanthanamMariappan\Desktop\eclipse-jee-2023-03-R-win32-x86_64\eclipse\plugins\org.eclipse.justj.openjdk.hotspot.jre.full.win32.x86_64_17.0.6.v20230204-1729\jre\bin"/>
    <property name="sun.java.command" value="C:\Users\SanthanamMariappan\AppData\Local\Temp\surefire9194927783553555077\surefirebooter-20230824105853041_3.jar C:\Users\SanthanamMariappan\AppData\Local\Temp\surefire9194927783553555077 2023-08-24T10-58-52_057-jvmRun1 surefire-20230824105853041_1tmp surefire_0-20230824105853041_2tmp"/>
    <property name="jdk.debug" value="release"/>
    <property name="surefire.test.class.path" value="C:\Users\SanthanamMariappan\Desktop\sec_c_sec_c_santhanam.mariappan__corejava_project_2\target\test-classes;C:\Users\SanthanamMariappan\Desktop\sec_c_sec_c_santhanam.mariappan__corejava_project_2\target\classes;C:\Users\SanthanamMariappan\.m2\repository\com\mysql\mysql-connector-j\8.0.33\mysql-connector-j-8.0.33.jar;C:\Users\SanthanamMariappan\.m2\repository\com\google\protobuf\protobuf-java\3.21.9\protobuf-java-3.21.9.jar;C:\Users\SanthanamMariappan\.m2\repository\org\junit\jupiter\junit-jupiter\5.9.1\junit-jupiter-5.9.1.jar;C:\Users\SanthanamMariappan\.m2\repository\org\junit\jupiter\junit-jupiter-api\5.9.1\junit-jupiter-api-5.9.1.jar;C:\Users\SanthanamMariappan\.m2\repository\org\opentest4j\opentest4j\1.2.0\opentest4j-1.2.0.jar;C:\Users\SanthanamMariappan\.m2\repository\org\junit\platform\junit-platform-commons\1.9.1\junit-platform-commons-1.9.1.jar;C:\Users\SanthanamMariappan\.m2\repository\org\apiguardian\apiguardian-api\1.1.2\apiguardian-api-1.1.2.jar;C:\Users\SanthanamMariappan\.m2\repository\org\junit\jupiter\junit-jupiter-params\5.9.1\junit-jupiter-params-5.9.1.jar;C:\Users\SanthanamMariappan\.m2\repository\org\junit\jupiter\junit-jupiter-engine\5.9.1\junit-jupiter-engine-5.9.1.jar;C:\Users\SanthanamMariappan\.m2\repository\org\junit\platform\junit-platform-engine\1.9.1\junit-platform-engine-1.9.1.jar;"/>
    <property name="sun.cpu.endian" value="little"/>
    <property name="user.home" value="C:\Users\SanthanamMariappan"/>
    <property name="user.language" value="en"/>
    <property name="java.specification.vendor" value="Oracle Corporation"/>
    <property name="java.version.date" value="2023-01-17"/>
    <property name="java.home" value="C:\Users\SanthanamMariappan\Desktop\eclipse-jee-2023-03-R-win32-x86_64\eclipse\plugins\org.eclipse.justj.openjdk.hotspot.jre.full.win32.x86_64_17.0.6.v20230204-1729\jre"/>
    <property name="file.separator" value="\"/>
    <property name="style.color" value="always"/>
    <property name="basedir" value="C:\Users\SanthanamMariappan\Desktop\sec_c_sec_c_santhanam.mariappan__corejava_project_2"/>
    <property name="java.vm.compressedOopsMode" value="32-bit"/>
    <property name="line.separator" value="&#10;"/>
    <property name="java.vm.specification.vendor" value="Oracle Corporation"/>
    <property name="java.specification.name" value="Java Platform API Specification"/>
    <property name="surefire.real.class.path" value="C:\Users\SanthanamMariappan\AppData\Local\Temp\surefire9194927783553555077\surefirebooter-20230824105853041_3.jar"/>
    <property name="user.script" value=""/>
    <property name="sun.management.compiler" value="HotSpot 64-Bit Tiered Compilers"/>
    <property name="java.runtime.version" value="17.0.6+10"/>
    <property name="user.name" value="SanthanamMariappan"/>
    <property name="path.separator" value=";"/>
    <property name="os.version" value="10.0"/>
    <property name="java.runtime.name" value="OpenJDK Runtime Environment"/>
    <property name="file.encoding" value="Cp1252"/>
    <property name="java.vm.name" value="OpenJDK 64-Bit Server VM"/>
    <property name="java.vendor.version" value="Temurin-17.0.6+10"/>
    <property name="localRepository" value="C:\Users\SanthanamMariappan\.m2\repository"/>
    <property name="java.vendor.url.bug" value="https://github.com/adoptium/adoptium-support/issues"/>
    <property name="java.io.tmpdir" value="C:\Users\SANTHA~1\AppData\Local\Temp\"/>
    <property name="java.version" value="17.0.6"/>
    <property name="user.dir" value="C:\Users\SanthanamMariappan\Desktop\sec_c_sec_c_santhanam.mariappan__corejava_project_2"/>
    <property name="os.arch" value="amd64"/>
    <property name="java.vm.specification.name" value="Java Virtual Machine Specification"/>
    <property name="sun.os.patch.level" value=""/>
    <property name="native.encoding" value="Cp1252"/>
    <property name="java.library.path" value="C:\Users\SanthanamMariappan\Desktop\eclipse-jee-2023-03-R-win32-x86_64\eclipse\plugins\org.eclipse.justj.openjdk.hotspot.jre.full.win32.x86_64_17.0.6.v20230204-1729\jre\bin;C:\WINDOWS\Sun\Java\bin;C:\WINDOWS\system32;C:\WINDOWS;C:/Users/SanthanamMariappan/Desktop/eclipse-jee-2023-03-R-win32-x86_64/eclipse//plugins/org.eclipse.justj.openjdk.hotspot.jre.full.win32.x86_64_17.0.6.v20230204-1729/jre/bin/server;C:/Users/SanthanamMariappan/Desktop/eclipse-jee-2023-03-R-win32-x86_64/eclipse//plugins/org.eclipse.justj.openjdk.hotspot.jre.full.win32.x86_64_17.0.6.v20230204-1729/jre/bin;C:\Program Files\Common Files\Oracle\Java\javapath;C:\WINDOWS\system32;C:\WINDOWS;C:\WINDOWS\System32\Wbem;C:\WINDOWS\System32\WindowsPowerShell\v1.0\;C:\WINDOWS\System32\OpenSSH\;C:\Program Files\nodejs\;C:\Program Files\Git\cmd;C:\Users\SanthanamMariappan\AppData\Local\Microsoft\WindowsApps;C:\Users\SanthanamMariappan\AppData\Local\Programs\Microsoft VS Code\bin;C:\Users\SanthanamMariappan\AppData\Local\GitHubDesktop\bin;;C:\Users\SanthanamMariappan\Desktop\eclipse-jee-2023-03-R-win32-x86_64\eclipse;;."/>
    <property name="java.vm.info" value="mixed mode"/>
    <property name="java.vendor" value="Eclipse Adoptium"/>
    <property name="java.vm.version" value="17.0.6+10"/>
    <property name="sun.io.unicode.encoding" value="UnicodeLittle"/>
    <property name="java.class.version" value="61.0"/>
  </properties>
  <testcase name="testInvalidDeltProductId" classname="com.fssa.zanarts.dao.TestProductDao" time="2.368">
    <system-out><![CDATA[Product Deleted Successfully
]]></system-out>
  </testcase>
  <testcase name="testValidAddProduct" classname="com.fssa.zanarts.dao.TestProductDao" time="0.429">
    <system-out><![CDATA[Product Added Successfully
]]></system-out>
  </testcase>
  <testcase name="testValidUpdateProduct" classname="com.fssa.zanarts.dao.TestProductDao" time="0.411">
    <system-out><![CDATA[Product Updated Successfully
]]></system-out>
  </testcase>
  <testcase name="testValidGetProductDetails" classname="com.fssa.zanarts.dao.TestProductDao" time="0.731">
    <system-out><![CDATA[ID: 2, Product Name: , Artist Name: Santhanam, Price: 300.0, Upload Time: 2023-08-07 13:13:36, Product Description: Santhanam is my frist art, imageurl: https://cdn.pixabay.com/photo/2015/04/23/22/00/tree-736885_1280.jpg, width: 100, Height: 100, Category: 100
ID: 3, Product Name: Santhanam, Artist Name: Santhanam, Price: 300.0, Upload Time: 2023-08-07 13:13:59, Product Description: Santhanam is my frist art, imageurl: https://cdn.pixabay.com/photo/2015/04/23/22/00/tree-736885_1280.jpg, width: 100, Height: 100, Category: 100
ID: 4, Product Name: , Artist Name: Santhanam, Price: 300.0, Upload Time: 2023-08-07 13:14:01, Product Description: Santhanam is my frist art, imageurl: https://cdn.pixabay.com/photo/2015/04/23/22/00/tree-736885_1280.jpg, width: 100, Height: 100, Category: 100
ID: 5, Product Name: Santhanam, Artist Name: Santhanam, Price: 300.0, Upload Time: 2023-08-07 13:14:02, Product Description: Santhanam is my frist art, imageurl: https://cdn.pixabay.com/photo/2015/04/23/22/00/tree-736885_1280.jpg, width: 100, Height: 100, Category: 100
ID: 6, Product Name: Santhanam, Artist Name: Santhanam, Price: 300.0, Upload Time: 2023-08-07 13:17:20, Product Description: Santhanam is my frist art, imageurl: https://cdn.pixabay.com/photo/2015/04/23/22/00/tree-736885_1280.jpg, width: 100, Height: 100, Category: 100
ID: 7, Product Name: , Artist Name: Santhanam, Price: 300.0, Upload Time: 2023-08-07 13:17:29, Product Description: Santhanam is my frist art, imageurl: https://cdn.pixabay.com/photo/2015/04/23/22/00/tree-736885_1280.jpg, width: 100, Height: 100, Category: 100
ID: 8, Product Name: Santhanam, Artist Name: Santhanam, Price: 300.0, Upload Time: 2023-08-07 13:17:35, Product Description: Santhanam is my frist art, imageurl: https://cdn.pixabay.com/photo/2015/04/23/22/00/tree-736885_1280.jpg, width: 100, Height: 100, Category: 100
ID: 9, Product Name: Santhanam, Artist Name: Santhanam, Price: 300.0, Upload Time: 2023-08-07 13:18:21, Product Description: Santhanam is my frist art, imageurl: https://cdn.pixabay.com/photo/2015/04/23/22/00/tree-736885_1280.jpg, width: 100, Height: 100, Category: 100
ID: 10, Product Name: , Artist Name: Santhanam, Price: 300.0, Upload Time: 2023-08-07 13:18:23, Product Description: Santhanam is my frist art, imageurl: https://cdn.pixabay.com/photo/2015/04/23/22/00/tree-736885_1280.jpg, width: 100, Height: 100, Category: 100
ID: 12, Product Name: Santhanam, Artist Name: Santhanam, Price: 300.0, Upload Time: 2023-08-07 13:28:51, Product Description: Santhanam is my frist art, imageurl: https://cdn.pixabay.com/photo/2015/04/23/22/00/tree-736885_1280.jpg, width: 100, Height: 100, Category: 100
ID: 13, Product Name: Bharathi, Artist Name: Santhanam, Price: 300.0, Upload Time: 2023-08-08 08:47:04, Product Description: Santhanam is my frist art, imageurl: https://cdn.pixabay.com/photo/2015/04/23/22/00/tree-736885_1280.jpg, width: 100, Height: 100, Category: 100
ID: 14, Product Name: Santhanam, Artist Name: Santhanam, Price: 300.0, Upload Time: 2023-08-07 13:28:54, Product Description: Santhanam is my frist art, imageurl: https://cdn.pixabay.com/photo/2015/04/23/22/00/tree-736885_1280.jpg, width: 100, Height: 100, Category: 100
ID: 15, Product Name: Santhanam, Artist Name: Santhanam, Price: 300.0, Upload Time: 2023-08-07 13:34:16, Product Description: Santhanam is my frist art, imageurl: https://cdn.pixabay.com/photo/2015/04/23/22/00/tree-736885_1280.jpg, width: 100, Height: 100, Category: 100
ID: 16, Product Name: , Artist Name: Santhanam, Price: 300.0, Upload Time: 2023-08-07 13:34:26, Product Description: Santhanam is my frist art, imageurl: https://cdn.pixabay.com/photo/2015/04/23/22/00/tree-736885_1280.jpg, width: 100, Height: 100, Category: 100
ID: 17, Product Name: Santhanam, Artist Name: Santhanam, Price: 300.0, Upload Time: 2023-08-07 13:34:33, Product Description: Santhanam is my frist art, imageurl: https://cdn.pixabay.com/photo/2015/04/23/22/00/tree-736885_1280.jpg, width: 100, Height: 100, Category: 100
ID: 18, Product Name: Santhanam, Artist Name: Santhanam, Price: 300.0, Upload Time: 2023-08-07 13:41:04, Product Description: Santhanam is my frist art, imageurl: https://cdn.pixabay.com/photo/2015/04/23/22/00/tree-736885_1280.jpg, width: 100, Height: 100, Category: 100
ID: 19, Product Name: , Artist Name: Santhanam, Price: 300.0, Upload Time: 2023-08-07 13:41:14, Product Description: Santhanam is my frist art, imageurl: https://cdn.pixabay.com/photo/2015/04/23/22/00/tree-736885_1280.jpg, width: 100, Height: 100, Category: 100
ID: 20, Product Name: Santhanam, Artist Name: Santhanam, Price: 300.0, Upload Time: 2023-08-07 13:41:21, Product Description: Santhanam is my frist art, imageurl: https://cdn.pixabay.com/photo/2015/04/23/22/00/tree-736885_1280.jpg, width: 100, Height: 100, Category: 100
ID: 21, Product Name: Santhanam, Artist Name: Santhanam, Price: 300.0, Upload Time: 2023-08-07 13:45:11, Product Description: Santhanam is my frist art, imageurl: https://cdn.pixabay.com/photo/2015/04/23/22/00/tree-736885_1280.jpg, width: 100, Height: 100, Category: 100
ID: 22, Product Name: , Artist Name: Santhanam, Price: 300.0, Upload Time: 2023-08-07 13:45:22, Product Description: Santhanam is my frist art, imageurl: https://cdn.pixabay.com/photo/2015/04/23/22/00/tree-736885_1280.jpg, width: 100, Height: 100, Category: 100
ID: 23, Product Name: Santhanam, Artist Name: Santhanam, Price: 300.0, Upload Time: 2023-08-07 13:45:28, Product Description: Santhanam is my frist art, imageurl: https://cdn.pixabay.com/photo/2015/04/23/22/00/tree-736885_1280.jpg, width: 100, Height: 100, Category: 100
ID: 24, Product Name: Santhanam, Artist Name: Santhanam, Price: 300.0, Upload Time: 2023-08-07 16:35:53, Product Description: Santhanam is my frist art, imageurl: https://cdn.pixabay.com/photo/2015/04/23/22/00/tree-736885_1280.jpg, width: 100, Height: 100, Category: 100
ID: 25, Product Name: , Artist Name: Santhanam, Price: 300.0, Upload Time: 2023-08-07 16:36:01, Product Description: Santhanam is my frist art, imageurl: https://cdn.pixabay.com/photo/2015/04/23/22/00/tree-736885_1280.jpg, width: 100, Height: 100, Category: 100
ID: 26, Product Name: Santhanam, Artist Name: Santhanam, Price: 300.0, Upload Time: 2023-08-07 16:36:04, Product Description: Santhanam is my frist art, imageurl: https://cdn.pixabay.com/photo/2015/04/23/22/00/tree-736885_1280.jpg, width: 100, Height: 100, Category: 100
ID: 27, Product Name: Santhanam, Artist Name: Santhanam, Price: 300.0, Upload Time: 2023-08-07 16:41:39, Product Description: Santhanam is my frist art, imageurl: https://cdn.pixabay.com/photo/2015/04/23/22/00/tree-736885_1280.jpg, width: 100, Height: 100, Category: 100
ID: 28, Product Name: , Artist Name: Santhanam, Price: 300.0, Upload Time: 2023-08-07 16:41:49, Product Description: Santhanam is my frist art, imageurl: https://cdn.pixabay.com/photo/2015/04/23/22/00/tree-736885_1280.jpg, width: 100, Height: 100, Category: 100
ID: 29, Product Name: Santhanam, Artist Name: Santhanam, Price: 300.0, Upload Time: 2023-08-07 16:41:56, Product Description: Santhanam is my frist art, imageurl: https://cdn.pixabay.com/photo/2015/04/23/22/00/tree-736885_1280.jpg, width: 100, Height: 100, Category: 100
ID: 30, Product Name: Santhanam, Artist Name: Santhanam, Price: 300.0, Upload Time: 2023-08-07 16:44:18, Product Description: Santhanam is my frist art, imageurl: https://cdn.pixabay.com/photo/2015/04/23/22/00/tree-736885_1280.jpg, width: 100, Height: 100, Category: 100
ID: 31, Product Name: , Artist Name: Santhanam, Price: 300.0, Upload Time: 2023-08-07 16:44:28, Product Description: Santhanam is my frist art, imageurl: https://cdn.pixabay.com/photo/2015/04/23/22/00/tree-736885_1280.jpg, width: 100, Height: 100, Category: 100
ID: 32, Product Name: Santhanam, Artist Name: Santhanam, Price: 300.0, Upload Time: 2023-08-07 16:44:34, Product Description: Santhanam is my frist art, imageurl: https://cdn.pixabay.com/photo/2015/04/23/22/00/tree-736885_1280.jpg, width: 100, Height: 100, Category: 100
ID: 33, Product Name: Santhanam, Artist Name: Santhanam, Price: 300.0, Upload Time: 2023-08-07 16:44:44, Product Description: Santhanam is my frist art, imageurl: https://cdn.pixabay.com/photo/2015/04/23/22/00/tree-736885_1280.jpg, width: 100, Height: 100, Category: 100
ID: 35, Product Name: Santhanam, Artist Name: Santhanam, Price: 300.0, Upload Time: 2023-08-07 16:45:00, Product Description: Santhanam is my frist art, imageurl: https://cdn.pixabay.com/photo/2015/04/23/22/00/tree-736885_1280.jpg, width: 100, Height: 100, Category: 100
ID: 36, Product Name: Santhanam, Artist Name: Santhanam, Price: 300.0, Upload Time: 2023-08-08 04:51:25, Product Description: Santhanam is my frist art, imageurl: https://cdn.pixabay.com/photo/2015/04/23/22/00/tree-736885_1280.jpg, width: 100, Height: 100, Category: 100
ID: 37, Product Name: SanthuBliss, Artist Name: Ram, Price: 300.0, Upload Time: 2023-08-08 04:59:08, Product Description: This Art Designed by I, imageurl: https://www.timeoutdubai.com/cloud/timeoutdubai/2021/09/11/udHvbKwV-IMG-Dubai-UAE-1-1200x800.jpg, width: 1100, Height: 320, Category: 320
ID: 38, Product Name: Santhanam, Artist Name: Santhanam, Price: 300.0, Upload Time: 2023-08-08 05:15:36, Product Description: Santhanam is my frist art, imageurl: https://cdn.pixabay.com/photo/2015/04/23/22/00/tree-736885_1280.jpg, width: 100, Height: 100, Category: 100
ID: 39, Product Name: , Artist Name: Santhanam, Price: 300.0, Upload Time: 2023-08-08 05:15:46, Product Description: Santhanam is my frist art, imageurl: https://cdn.pixabay.com/photo/2015/04/23/22/00/tree-736885_1280.jpg, width: 100, Height: 100, Category: 100
ID: 40, Product Name: Santhanam, Artist Name: Santhanam, Price: 300.0, Upload Time: 2023-08-08 05:15:52, Product Description: Santhanam is my frist art, imageurl: https://cdn.pixabay.com/photo/2015/04/23/22/00/tree-736885_1280.jpg, width: 100, Height: 100, Category: 100
ID: 41, Product Name: Bharathi, Artist Name: Chandru, Price: 300.0, Upload Time: 2023-08-08 08:47:03, Product Description: Santhanam is my frist art, imageurl: https://cdn.pixabay.com/photo/2015/04/23/22/00/tree-736885_1280.jpg, width: 100, Height: 100, Category: 100
ID: 42, Product Name: Santhanam, Artist Name: Santhanam, Price: 300.0, Upload Time: 2023-08-08 08:49:10, Product Description: Santhanam is my frist art, imageurl: https://cdn.pixabay.com/photo/2015/04/23/22/00/tree-736885_1280.jpg, width: 100, Height: 100, Category: 100
ID: 43, Product Name: , Artist Name: Santhanam, Price: 300.0, Upload Time: 2023-08-08 08:49:20, Product Description: Santhanam is my frist art, imageurl: https://cdn.pixabay.com/photo/2015/04/23/22/00/tree-736885_1280.jpg, width: 100, Height: 100, Category: 100
ID: 44, Product Name: Bharathi, Artist Name: Chandru, Price: 300.0, Upload Time: 2023-08-08 08:49:26, Product Description: Santhanam is my frist art, imageurl: https://cdn.pixabay.com/photo/2015/04/23/22/00/tree-736885_1280.jpg, width: 100, Height: 100, Category: 100
ID: 45, Product Name: Santhanam, Artist Name: Santhanam, Price: 300.0, Upload Time: 2023-08-09 05:59:03, Product Description: Santhanam is my frist art, imageurl: https://cdn.pixabay.com/photo/2015/04/23/22/00/tree-736885_1280.jpg, width: 100, Height: 100, Category: 100
ID: 46, Product Name: , Artist Name: Santhanam, Price: 300.0, Upload Time: 2023-08-09 05:59:13, Product Description: Santhanam is my frist art, imageurl: https://cdn.pixabay.com/photo/2015/04/23/22/00/tree-736885_1280.jpg, width: 100, Height: 100, Category: 100
ID: 47, Product Name: Bharathi, Artist Name: Chandru, Price: 300.0, Upload Time: 2023-08-09 05:59:19, Product Description: Santhanam is my frist art, imageurl: https://cdn.pixabay.com/photo/2015/04/23/22/00/tree-736885_1280.jpg, width: 100, Height: 100, Category: 100
ID: 48, Product Name: Santhanam, Artist Name: Santhanam, Price: 300.0, Upload Time: 2023-08-09 08:10:53, Product Description: Santhanam is my frist art, imageurl: https://cdn.pixabay.com/photo/2015/04/23/22/00/tree-736885_1280.jpg, width: 100, Height: 100, Category: 100
ID: 49, Product Name: , Artist Name: Santhanam, Price: 300.0, Upload Time: 2023-08-09 08:10:54, Product Description: Santhanam is my frist art, imageurl: https://cdn.pixabay.com/photo/2015/04/23/22/00/tree-736885_1280.jpg, width: 100, Height: 100, Category: 100
ID: 50, Product Name: Bharathi, Artist Name: Chandru, Price: 300.0, Upload Time: 2023-08-09 08:10:55, Product Description: Santhanam is my frist art, imageurl: https://cdn.pixabay.com/photo/2015/04/23/22/00/tree-736885_1280.jpg, width: 100, Height: 100, Category: 100
ID: 51, Product Name: Santhanam, Artist Name: Santhanam, Price: 300.0, Upload Time: 2023-08-09 08:12:33, Product Description: Santhanam is my frist art, imageurl: https://cdn.pixabay.com/photo/2015/04/23/22/00/tree-736885_1280.jpg, width: 100, Height: 100, Category: 100
ID: 52, Product Name: , Artist Name: Santhanam, Price: 300.0, Upload Time: 2023-08-09 08:12:43, Product Description: Santhanam is my frist art, imageurl: https://cdn.pixabay.com/photo/2015/04/23/22/00/tree-736885_1280.jpg, width: 100, Height: 100, Category: 100
ID: 53, Product Name: Bharathi, Artist Name: Chandru, Price: 300.0, Upload Time: 2023-08-09 08:12:49, Product Description: Santhanam is my frist art, imageurl: https://cdn.pixabay.com/photo/2015/04/23/22/00/tree-736885_1280.jpg, width: 100, Height: 100, Category: 100
ID: 54, Product Name: Santhanam, Artist Name: Santhanam, Price: 300.0, Upload Time: 2023-08-09 10:11:13, Product Description: Santhanam is my frist art, imageurl: https://cdn.pixabay.com/photo/2015/04/23/22/00/tree-736885_1280.jpg, width: 100, Height: 100, Category: 100
ID: 55, Product Name: , Artist Name: Santhanam, Price: 300.0, Upload Time: 2023-08-09 10:11:15, Product Description: Santhanam is my frist art, imageurl: https://cdn.pixabay.com/photo/2015/04/23/22/00/tree-736885_1280.jpg, width: 100, Height: 100, Category: 100
ID: 56, Product Name: Bharathi, Artist Name: Chandru, Price: 300.0, Upload Time: 2023-08-09 10:11:16, Product Description: Santhanam is my frist art, imageurl: https://cdn.pixabay.com/photo/2015/04/23/22/00/tree-736885_1280.jpg, width: 100, Height: 100, Category: 100
ID: 57, Product Name: Santhanam, Artist Name: Santhanam, Price: 300.0, Upload Time: 2023-08-09 10:11:16, Product Description: Santhanam is my frist art, imageurl: https://cdn.pixabay.com/photo/2015/04/23/22/00/tree-736885_1280.jpg, width: 100, Height: 100, Category: 100
ID: 58, Product Name: , Artist Name: Santhanam, Price: 300.0, Upload Time: 2023-08-09 10:11:28, Product Description: Santhanam is my frist art, imageurl: https://cdn.pixabay.com/photo/2015/04/23/22/00/tree-736885_1280.jpg, width: 100, Height: 100, Category: 100
ID: 59, Product Name: Bharathi, Artist Name: Chandru, Price: 300.0, Upload Time: 2023-08-09 10:11:34, Product Description: Santhanam is my frist art, imageurl: https://cdn.pixabay.com/photo/2015/04/23/22/00/tree-736885_1280.jpg, width: 100, Height: 100, Category: 100
ID: 60, Product Name: Santhanam, Artist Name: Santhanam, Price: 300.0, Upload Time: 2023-08-09 11:37:59, Product Description: Santhanam is my frist art, imageurl: https://cdn.pixabay.com/photo/2015/04/23/22/00/tree-736885_1280.jpg, width: 100, Height: 100, Category: 100
ID: 61, Product Name: , Artist Name: Santhanam, Price: 300.0, Upload Time: 2023-08-09 11:38:13, Product Description: Santhanam is my frist art, imageurl: https://cdn.pixabay.com/photo/2015/04/23/22/00/tree-736885_1280.jpg, width: 100, Height: 100, Category: 100
ID: 62, Product Name: Bharathi, Artist Name: Chandru, Price: 300.0, Upload Time: 2023-08-09 11:38:18, Product Description: Santhanam is my frist art, imageurl: https://cdn.pixabay.com/photo/2015/04/23/22/00/tree-736885_1280.jpg, width: 100, Height: 100, Category: 100
ID: 63, Product Name: , Artist Name: Santhanam, Price: 300.0, Upload Time: 2023-08-09 11:45:16, Product Description: Santhanam is my frist art, imageurl: https://cdn.pixabay.com/photo/2015/04/23/22/00/tree-736885_1280.jpg, width: 100, Height: 100, Category: 100
ID: 64, Product Name: Santhanam, Artist Name: Santhanam, Price: 300.0, Upload Time: 2023-08-09 14:00:19, Product Description: Santhanam is my frist art, imageurl: https://cdn.pixabay.com/photo/2015/04/23/22/00/tree-736885_1280.jpg, width: 100, Height: 100, Category: 100
ID: 65, Product Name: , Artist Name: Santhanam, Price: 300.0, Upload Time: 2023-08-09 14:00:20, Product Description: Santhanam is my frist art, imageurl: https://cdn.pixabay.com/photo/2015/04/23/22/00/tree-736885_1280.jpg, width: 100, Height: 100, Category: 100
ID: 66, Product Name: Santhanam, Artist Name: Santhanam, Price: 300.0, Upload Time: 2023-08-09 14:00:45, Product Description: Santhanam is my frist art, imageurl: https://cdn.pixabay.com/photo/2015/04/23/22/00/tree-736885_1280.jpg, width: 100, Height: 100, Category: 100
ID: 67, Product Name: , Artist Name: Santhanam, Price: 300.0, Upload Time: 2023-08-09 14:00:47, Product Description: Santhanam is my frist art, imageurl: https://cdn.pixabay.com/photo/2015/04/23/22/00/tree-736885_1280.jpg, width: 100, Height: 100, Category: 100
ID: 68, Product Name: Bharathi, Artist Name: Chandru, Price: 300.0, Upload Time: 2023-08-09 14:07:52, Product Description: Santhanam is my frist art, imageurl: https://cdn.pixabay.com/photo/2015/04/23/22/00/tree-736885_1280.jpg, width: 100, Height: 100, Category: 100
ID: 69, Product Name: Santhanam, Artist Name: Santhanam, Price: 300.0, Upload Time: 2023-08-09 14:23:23, Product Description: Santhanam is my frist art, imageurl: https://cdn.pixabay.com/photo/2015/04/23/22/00/tree-736885_1280.jpg, width: 100, Height: 100, Category: 100
ID: 71, Product Name: Bharathi, Artist Name: Chandru, Price: 300.0, Upload Time: 2023-08-09 14:23:39, Product Description: Santhanam is my frist art, imageurl: https://cdn.pixabay.com/photo/2015/04/23/22/00/tree-736885_1280.jpg, width: 100, Height: 100, Category: 100
ID: 72, Product Name: Santhanam, Artist Name: Santhanam, Price: 300.0, Upload Time: 2023-08-09 14:31:21, Product Description: Santhanam is my frist art, imageurl: https://cdn.pixabay.com/photo/2015/04/23/22/00/tree-736885_1280.jpg, width: 100, Height: 100, Category: 100
ID: 73, Product Name: , Artist Name: Santhanam, Price: 300.0, Upload Time: 2023-08-09 14:31:32, Product Description: Santhanam is my frist art, imageurl: https://cdn.pixabay.com/photo/2015/04/23/22/00/tree-736885_1280.jpg, width: 100, Height: 100, Category: 100
ID: 74, Product Name: Bharathi, Artist Name: Chandru, Price: 300.0, Upload Time: 2023-08-09 14:31:38, Product Description: Santhanam is my frist art, imageurl: https://cdn.pixabay.com/photo/2015/04/23/22/00/tree-736885_1280.jpg, width: 100, Height: 100, Category: 100
ID: 75, Product Name: Santhanam, Artist Name: Santhanam, Price: 300.0, Upload Time: 2023-08-09 17:12:20, Product Description: Santhanam is my frist art, imageurl: https://cdn.pixabay.com/photo/2015/04/23/22/00/tree-736885_1280.jpg, width: 100, Height: 100, Category: 100
ID: 76, Product Name: , Artist Name: Santhanam, Price: 300.0, Upload Time: 2023-08-09 17:12:33, Product Description: Santhanam is my frist art, imageurl: https://cdn.pixabay.com/photo/2015/04/23/22/00/tree-736885_1280.jpg, width: 100, Height: 100, Category: 100
ID: 77, Product Name: Bharathi, Artist Name: Chandru, Price: 300.0, Upload Time: 2023-08-09 17:12:38, Product Description: Santhanam is my frist art, imageurl: https://cdn.pixabay.com/photo/2015/04/23/22/00/tree-736885_1280.jpg, width: 100, Height: 100, Category: 100
ID: 78, Product Name: Santhanam, Artist Name: Santhanam, Price: 300.0, Upload Time: 2023-08-09 17:14:03, Product Description: Santhanam is my frist art, imageurl: https://cdn.pixabay.com/photo/2015/04/23/22/00/tree-736885_1280.jpg, width: 100, Height: 100, Category: 100
ID: 79, Product Name: , Artist Name: Santhanam, Price: 300.0, Upload Time: 2023-08-09 17:14:13, Product Description: Santhanam is my frist art, imageurl: https://cdn.pixabay.com/photo/2015/04/23/22/00/tree-736885_1280.jpg, width: 100, Height: 100, Category: 100
ID: 80, Product Name: Bharathi, Artist Name: Chandru, Price: 300.0, Upload Time: 2023-08-09 17:14:18, Product Description: Santhanam is my frist art, imageurl: https://cdn.pixabay.com/photo/2015/04/23/22/00/tree-736885_1280.jpg, width: 100, Height: 100, Category: 100
ID: 81, Product Name: Santhanam, Artist Name: Santhanam, Price: 300.0, Upload Time: 2023-08-09 17:22:13, Product Description: Santhanam is my frist art, imageurl: https://cdn.pixabay.com/photo/2015/04/23/22/00/tree-736885_1280.jpg, width: 100, Height: 100, Category: 100
ID: 82, Product Name: , Artist Name: Santhanam, Price: 300.0, Upload Time: 2023-08-09 17:22:24, Product Description: Santhanam is my frist art, imageurl: https://cdn.pixabay.com/photo/2015/04/23/22/00/tree-736885_1280.jpg, width: 100, Height: 100, Category: 100
ID: 83, Product Name: Bharathi, Artist Name: Chandru, Price: 300.0, Upload Time: 2023-08-09 17:22:30, Product Description: Santhanam is my frist art, imageurl: https://cdn.pixabay.com/photo/2015/04/23/22/00/tree-736885_1280.jpg, width: 100, Height: 100, Category: 100
ID: 84, Product Name: Santhanam, Artist Name: Santhanam, Price: 300.0, Upload Time: 2023-08-09 17:36:57, Product Description: Santhanam is my frist art, imageurl: https://cdn.pixabay.com/photo/2015/04/23/22/00/tree-736885_1280.jpg, width: 100, Height: 100, Category: 100
ID: 85, Product Name: , Artist Name: Santhanam, Price: 300.0, Upload Time: 2023-08-09 17:37:08, Product Description: Santhanam is my frist art, imageurl: https://cdn.pixabay.com/photo/2015/04/23/22/00/tree-736885_1280.jpg, width: 100, Height: 100, Category: 100
ID: 86, Product Name: Bharathi, Artist Name: Chandru, Price: 300.0, Upload Time: 2023-08-09 17:37:13, Product Description: Santhanam is my frist art, imageurl: https://cdn.pixabay.com/photo/2015/04/23/22/00/tree-736885_1280.jpg, width: 100, Height: 100, Category: 100
ID: 87, Product Name: Santhanam, Artist Name: Santhanam, Price: 300.0, Upload Time: 2023-08-09 17:40:30, Product Description: Santhanam is my frist art, imageurl: https://cdn.pixabay.com/photo/2015/04/23/22/00/tree-736885_1280.jpg, width: 100, Height: 100, Category: 100
ID: 88, Product Name: , Artist Name: Santhanam, Price: 300.0, Upload Time: 2023-08-09 17:40:40, Product Description: Santhanam is my frist art, imageurl: https://cdn.pixabay.com/photo/2015/04/23/22/00/tree-736885_1280.jpg, width: 100, Height: 100, Category: 100
ID: 89, Product Name: Bharathi, Artist Name: Chandru, Price: 300.0, Upload Time: 2023-08-09 17:40:46, Product Description: Santhanam is my frist art, imageurl: https://cdn.pixabay.com/photo/2015/04/23/22/00/tree-736885_1280.jpg, width: 100, Height: 100, Category: 100
ID: 90, Product Name: Santhanam, Artist Name: Santhanam, Price: 300.0, Upload Time: 2023-08-09 17:49:11, Product Description: Santhanam is my frist art, imageurl: https://cdn.pixabay.com/photo/2015/04/23/22/00/tree-736885_1280.jpg, width: 100, Height: 100, Category: 100
ID: 91, Product Name: , Artist Name: Santhanam, Price: 300.0, Upload Time: 2023-08-09 17:49:20, Product Description: Santhanam is my frist art, imageurl: https://cdn.pixabay.com/photo/2015/04/23/22/00/tree-736885_1280.jpg, width: 100, Height: 100, Category: 100
ID: 92, Product Name: Bharathi, Artist Name: Chandru, Price: 300.0, Upload Time: 2023-08-09 17:49:25, Product Description: Santhanam is my frist art, imageurl: https://cdn.pixabay.com/photo/2015/04/23/22/00/tree-736885_1280.jpg, width: 100, Height: 100, Category: 100
ID: 93, Product Name: Santhanam, Artist Name: Santhanam, Price: 300.0, Upload Time: 2023-08-09 17:50:47, Product Description: Santhanam is my frist art, imageurl: https://cdn.pixabay.com/photo/2015/04/23/22/00/tree-736885_1280.jpg, width: 100, Height: 100, Category: 100
ID: 94, Product Name: , Artist Name: Santhanam, Price: 300.0, Upload Time: 2023-08-09 17:50:59, Product Description: Santhanam is my frist art, imageurl: https://cdn.pixabay.com/photo/2015/04/23/22/00/tree-736885_1280.jpg, width: 100, Height: 100, Category: 100
ID: 95, Product Name: Bharathi, Artist Name: Chandru, Price: 300.0, Upload Time: 2023-08-09 17:51:05, Product Description: Santhanam is my frist art, imageurl: https://cdn.pixabay.com/photo/2015/04/23/22/00/tree-736885_1280.jpg, width: 100, Height: 100, Category: 100
ID: 96, Product Name: Bharathi, Artist Name: Chandru, Price: 300.0, Upload Time: 2023-08-10 03:41:41, Product Description: Santhanam is my frist art, imageurl: https://cdn.pixabay.com/photo/2015/04/23/22/00/tree-736885_1280.jpg, width: 100, Height: 100, Category: 100
ID: 97, Product Name: Santhanam, Artist Name: Santhanam, Price: 300.0, Upload Time: 2023-08-10 03:43:04, Product Description: Santhanam is my frist art, imageurl: https://cdn.pixabay.com/photo/2015/04/23/22/00/tree-736885_1280.jpg, width: 100, Height: 100, Category: 100
ID: 98, Product Name: , Artist Name: Santhanam, Price: 300.0, Upload Time: 2023-08-10 03:43:15, Product Description: Santhanam is my frist art, imageurl: https://cdn.pixabay.com/photo/2015/04/23/22/00/tree-736885_1280.jpg, width: 100, Height: 100, Category: 100
ID: 99, Product Name: Bharathi, Artist Name: Chandru, Price: 300.0, Upload Time: 2023-08-10 03:43:21, Product Description: Santhanam is my frist art, imageurl: https://cdn.pixabay.com/photo/2015/04/23/22/00/tree-736885_1280.jpg, width: 100, Height: 100, Category: 100
ID: 100, Product Name: Bharathi, Artist Name: Chandru, Price: 300.0, Upload Time: 2023-08-10 03:59:38, Product Description: Santhanam is my frist art, imageurl: https://cdn.pixabay.com/photo/2015/04/23/22/00/tree-736885_1280.jpg, width: 100, Height: 100, Category: 100
ID: 101, Product Name: Santhanam, Artist Name: Santhanam, Price: 300.0, Upload Time: 2023-08-10 04:07:52, Product Description: Santhanam is my frist art, imageurl: https://cdn.pixabay.com/photo/2015/04/23/22/00/tree-736885_1280.jpg, width: 100, Height: 100, Category: 100
ID: 102, Product Name: , Artist Name: Santhanam, Price: 300.0, Upload Time: 2023-08-10 04:08:03, Product Description: Santhanam is my frist art, imageurl: https://cdn.pixabay.com/photo/2015/04/23/22/00/tree-736885_1280.jpg, width: 100, Height: 100, Category: 100
ID: 103, Product Name: Bharathi, Artist Name: Chandru, Price: 300.0, Upload Time: 2023-08-10 04:08:10, Product Description: Santhanam is my frist art, imageurl: https://cdn.pixabay.com/photo/2015/04/23/22/00/tree-736885_1280.jpg, width: 100, Height: 100, Category: 100
ID: 104, Product Name: Santhanam, Artist Name: Santhanam, Price: 300.0, Upload Time: 2023-08-10 04:15:55, Product Description: Santhanam is my frist art, imageurl: https://cdn.pixabay.com/photo/2015/04/23/22/00/tree-736885_1280.jpg, width: 100, Height: 100, Category: 100
ID: 105, Product Name: , Artist Name: Santhanam, Price: 300.0, Upload Time: 2023-08-10 04:16:06, Product Description: Santhanam is my frist art, imageurl: https://cdn.pixabay.com/photo/2015/04/23/22/00/tree-736885_1280.jpg, width: 100, Height: 100, Category: 100
ID: 106, Product Name: Bharathi, Artist Name: Chandru, Price: 300.0, Upload Time: 2023-08-10 04:16:13, Product Description: Santhanam is my frist art, imageurl: https://cdn.pixabay.com/photo/2015/04/23/22/00/tree-736885_1280.jpg, width: 100, Height: 100, Category: 100
ID: 107, Product Name: Santhanam, Artist Name: Santhanam, Price: 300.0, Upload Time: 2023-08-10 04:18:50, Product Description: Santhanam is my frist art, imageurl: https://cdn.pixabay.com/photo/2015/04/23/22/00/tree-736885_1280.jpg, width: 100, Height: 100, Category: 100
ID: 108, Product Name: , Artist Name: Santhanam, Price: 300.0, Upload Time: 2023-08-10 04:19:00, Product Description: Santhanam is my frist art, imageurl: https://cdn.pixabay.com/photo/2015/04/23/22/00/tree-736885_1280.jpg, width: 100, Height: 100, Category: 100
ID: 109, Product Name: Bharathi, Artist Name: Chandru, Price: 300.0, Upload Time: 2023-08-10 04:19:07, Product Description: Santhanam is my frist art, imageurl: https://cdn.pixabay.com/photo/2015/04/23/22/00/tree-736885_1280.jpg, width: 100, Height: 100, Category: 100
ID: 110, Product Name: Santhanam, Artist Name: Santhanam, Price: 300.0, Upload Time: 2023-08-10 06:12:30, Product Description: Santhanam is my frist art, imageurl: https://cdn.pixabay.com/photo/2015/04/23/22/00/tree-736885_1280.jpg, width: 100, Height: 100, Category: 100
ID: 111, Product Name: , Artist Name: Santhanam, Price: 300.0, Upload Time: 2023-08-10 06:12:42, Product Description: Santhanam is my frist art, imageurl: https://cdn.pixabay.com/photo/2015/04/23/22/00/tree-736885_1280.jpg, width: 100, Height: 100, Category: 100
ID: 112, Product Name: Bharathi, Artist Name: Chandru, Price: 300.0, Upload Time: 2023-08-10 06:12:49, Product Description: Santhanam is my frist art, imageurl: https://cdn.pixabay.com/photo/2015/04/23/22/00/tree-736885_1280.jpg, width: 100, Height: 100, Category: 100
ID: 113, Product Name: Bharathi, Artist Name: Chandru, Price: 300.0, Upload Time: 2023-08-17 10:53:24, Product Description: Santhanam is my frist art, imageurl: https://cdn.pixabay.com/photo/2015/04/23/22/00/tree-736885_1280.jpg, width: 100, Height: 100, Category: 100
ID: 114, Product Name: SanthanamM, Artist Name: Bharuchan, Price: 400.0, Upload Time: 2023-08-17 11:20:33, Product Description: Santhanam is my frist art, imageurl: https://cdn.pixabay.com/photo/2015/04/23/22/00/tree-736885_1280.jpg, width: 100, Height: 100, Category: 100
ID: 115, Product Name: Santhanam, Artist Name: Santhanam, Price: 300.0, Upload Time: 2023-08-24 05:28:58, Product Description: Santhanam is my frist art, imageurl: https://cdn.pixabay.com/photo/2015/04/23/22/00/tree-736885_1280.jpg, width: 100, Height: 100, Category: 100
Sucessfully product details showed
]]></system-out>
  </testcase>
  <testcase name="testValidDeleteProduct" classname="com.fssa.zanarts.dao.TestProductDao" time="0.358">
    <system-out><![CDATA[Product Deleted Successfully
]]></system-out>
  </testcase>
  <testcase name="testInvalidUpdateProductId" classname="com.fssa.zanarts.dao.TestProductDao" time="0.011"/>
  <testcase name="testInvalidAddProduct" classname="com.fssa.zanarts.dao.TestProductDao" time="0.393">
    <system-out><![CDATA[Product Added Successfully
]]></system-out>
  </testcase>
</testsuite>